2022-02-08 10:02:25,576 INFO [pool-23-thread-1] o.a.n.c.r.WriteAheadFlowFileRepository Initiating checkpoint of FlowFile Repository
2022-02-08 10:02:26,935 INFO [pool-23-thread-1] o.a.n.c.r.WriteAheadFlowFileRepository Successfully checkpointed FlowFile Repository with 3 records in 0 milliseconds
2022-02-08 10:02:26,977 INFO [main-EventThread] o.a.c.f.state.ConnectionStateManager State change: SUSPENDED
2022-02-08 10:02:27,005 INFO [Curator-ConnectionStateManager-0] o.a.n.c.l.e.CuratorLeaderElectionManager org.apache.nifi.controller.leader.election.CuratorLeaderElectionManager$ElectionListener@4391e6a4 Connection State changed to SUSPENDED
2022-02-08 10:02:27,006 INFO [Curator-ConnectionStateManager-0] o.a.n.c.l.e.CuratorLeaderElectionManager Because Connection State was changed to SUSPENDED, will relinquish leadership for role 'Primary Node'
2022-02-08 10:02:27,017 INFO [Leader Election Notification Thread-2] o.a.n.c.l.e.CuratorLeaderElectionManager According to ZooKeeper, this node is no longer the leader for Role 'Primary Node'. Will relinquish leadership.
2022-02-08 10:02:27,027 INFO [Leader Election Notification Thread-2] o.a.n.c.l.e.CuratorLeaderElectionManager org.apache.nifi.controller.leader.election.CuratorLeaderElectionManager$ElectionListener@4391e6a4 This node is no longer leader for role 'Primary Node'
2022-02-08 10:02:27,069 INFO [Leader Election Notification Thread-2] o.apache.nifi.controller.FlowController This node is no longer Primary Node
2022-02-08 10:02:28,609 INFO [main-EventThread] org.apache.zookeeper.ClientCnxnSocket jute.maxbuffer value is 4194304 Bytes
2022-02-08 10:02:28,612 INFO [main-EventThread] o.a.c.f.state.ConnectionStateManager State change: LOST
2022-02-08 10:02:28,648 INFO [main-EventThread] o.a.c.f.state.ConnectionStateManager State change: RECONNECTED
2022-02-08 10:02:28,709 WARN [Clustering Tasks Thread-2] o.apache.nifi.controller.FlowController Failed to send heartbeat due to: org.apache.nifi.cluster.protocol.ProtocolException: Cannot send heartbeat because there is no Cluster Coordinator currently elected
2022-02-08 10:02:28,710 INFO [Leader Election Notification Thread-1] o.a.n.c.l.e.CuratorLeaderElectionManager According to ZooKeeper, this node is no longer the leader for Role 'Cluster Coordinator'. Will relinquish leadership.
2022-02-08 10:02:28,710 INFO [Curator-ConnectionStateManager-0] o.a.n.c.l.e.CuratorLeaderElectionManager org.apache.nifi.controller.leader.election.CuratorLeaderElectionManager$ElectionListener@2b0b102c Connection State changed to SUSPENDED
2022-02-08 10:02:28,716 INFO [Leader Election Notification Thread-1] o.a.n.c.l.e.CuratorLeaderElectionManager org.apache.nifi.controller.leader.election.CuratorLeaderElectionManager$ElectionListener@2b0b102c This node is no longer leader for role 'Cluster Coordinator'
2022-02-08 10:02:28,720 INFO [Leader Election Notification Thread-1] o.apache.nifi.controller.FlowController This node is no longer the elected Active Cluster Coordinator
2022-02-08 10:02:28,720 INFO [Curator-ConnectionStateManager-0] o.a.n.c.l.e.CuratorLeaderElectionManager org.apache.nifi.controller.leader.election.CuratorLeaderElectionManager$ElectionListener@4391e6a4 Connection State changed to LOST
2022-02-08 10:02:28,731 INFO [Curator-ConnectionStateManager-0] o.a.n.c.l.e.CuratorLeaderElectionManager org.apache.nifi.controller.leader.election.CuratorLeaderElectionManager$ElectionListener@2b0b102c Connection State changed to LOST
2022-02-08 10:02:28,738 INFO [Curator-ConnectionStateManager-0] o.a.n.c.l.e.CuratorLeaderElectionManager org.apache.nifi.controller.leader.election.CuratorLeaderElectionManager$ElectionListener@4391e6a4 Connection State changed to RECONNECTED
2022-02-08 10:02:28,741 INFO [Curator-ConnectionStateManager-0] o.a.n.c.l.e.CuratorLeaderElectionManager org.apache.nifi.controller.leader.election.CuratorLeaderElectionManager$ElectionListener@2b0b102c Connection State changed to RECONNECTED
2022-02-08 10:02:28,744 INFO [NiFi Web Server-21] o.a.n.c.m.e.NoConnectedNodesException Cluster failed processing request: org.apache.nifi.cluster.exception.NoClusterCoordinatorException: Action cannot be performed because there is currently no Cluster Coordinator elected. The request should be tried again after a moment, after a Cluster Coordinator has been automatically elected.. Returning Service Unavailable response.
2022-02-08 10:02:28,747 INFO [NiFi Web Server-25] o.a.n.c.m.e.NoConnectedNodesException Cluster failed processing request: org.apache.nifi.cluster.exception.NoClusterCoordinatorException: Action cannot be performed because there is currently no Cluster Coordinator elected. The request should be tried again after a moment, after a Cluster Coordinator has been automatically elected.. Returning Service Unavailable response.
2022-02-08 10:02:28,747 INFO [NiFi Web Server-150] o.a.n.c.m.e.NoConnectedNodesException Cluster failed processing request: org.apache.nifi.cluster.exception.NoClusterCoordinatorException: Action cannot be performed because there is currently no Cluster Coordinator elected. The request should be tried again after a moment, after a Cluster Coordinator has been automatically elected.. Returning Service Unavailable response.
2022-02-08 10:02:28,747 INFO [NiFi Web Server-22] o.a.n.c.m.e.NoConnectedNodesException Cluster failed processing request: org.apache.nifi.cluster.exception.NoClusterCoordinatorException: Action cannot be performed because there is currently no Cluster Coordinator elected. The request should be tried again after a moment, after a Cluster Coordinator has been automatically elected.. Returning Service Unavailable response.
2022-02-08 10:02:28,803 INFO [main-EventThread] o.a.c.framework.imps.EnsembleTracker New config event received: {}
2022-02-08 10:02:28,844 INFO [Leader Election Notification Thread-3] o.a.n.c.l.e.CuratorLeaderElectionManager org.apache.nifi.controller.leader.election.CuratorLeaderElectionManager$ElectionListener@4391e6a4 This node has been elected Leader for Role 'Primary Node'
2022-02-08 10:02:28,846 INFO [Leader Election Notification Thread-3] o.apache.nifi.controller.FlowController This node has been elected Primary Node
2022-02-08 10:02:28,867 INFO [Leader Election Notification Thread-1] o.a.n.c.l.e.CuratorLeaderElectionManager org.apache.nifi.controller.leader.election.CuratorLeaderElectionManager$ElectionListener@2b0b102c This node has been elected Leader for Role 'Cluster Coordinator'
2022-02-08 10:02:28,869 INFO [Leader Election Notification Thread-1] o.apache.nifi.controller.FlowController This node elected Active Cluster Coordinator
2022-02-08 10:02:33,357 INFO [Write-Ahead Local State Provider Maintenance] org.wali.MinimalLockingWriteAheadLog org.wali.MinimalLockingWriteAheadLog@2df491be checkpointed with 5 Records and 0 Swap Files in 17 milliseconds (Stop-the-world time = 3 milliseconds, Clear Edit Logs time = 7 millis), max Transaction ID 39
2022-02-08 10:02:33,730 INFO [Process Cluster Protocol Request-4] o.a.n.c.p.impl.SocketProtocolListener Finished processing request 31a31205-bc23-4959-8c70-d1dc8b65334d (type=HEARTBEAT, length=2239 bytes) from mynifi:8080 in 3 millis
2022-02-08 10:02:33,740 INFO [Clustering Tasks Thread-2] o.a.n.c.c.ClusterProtocolHeartbeater Heartbeat created at 2022-02-08 10:02:33,713 and sent to mynifi:8082 at 2022-02-08 10:02:33,740; send took 27 millis
2022-02-08 10:02:35,907 INFO [Cleanup Archive for default] o.a.n.c.repository.FileSystemRepository Successfully deleted 0 files (0 bytes) from archive
2022-02-08 10:02:38,711 INFO [Heartbeat Monitor Thread-1] o.a.n.c.c.h.AbstractHeartbeatMonitor Finished processing 1 heartbeats in 113250 nanos
2022-02-08 10:02:38,771 INFO [Clustering Tasks Thread-3] o.a.n.c.c.ClusterProtocolHeartbeater Heartbeat created at 2022-02-08 10:02:38,747 and sent to mynifi:8082 at 2022-02-08 10:02:38,771; send took 23 millis
2022-02-08 10:02:38,769 INFO [Process Cluster Protocol Request-5] o.a.n.c.p.impl.SocketProtocolListener Finished processing request 9f18b851-d625-43b4-9a9c-9637c98ff244 (type=HEARTBEAT, length=2239 bytes) from mynifi:8080 in 5 millis
2022-02-08 10:02:43,717 INFO [Heartbeat Monitor Thread-1] o.a.n.c.c.h.AbstractHeartbeatMonitor Finished processing 1 heartbeats in 132792 nanos
2022-02-08 10:02:43,797 INFO [Process Cluster Protocol Request-6] o.a.n.c.p.impl.SocketProtocolListener Finished processing request 994ca0d9-30ba-4aef-9492-f0117f411fda (type=HEARTBEAT, length=2239 bytes) from mynifi:8080 in 3 millis
2022-02-08 10:02:43,806 INFO [Clustering Tasks Thread-3] o.a.n.c.c.ClusterProtocolHeartbeater Heartbeat created at 2022-02-08 10:02:43,774 and sent to mynifi:8082 at 2022-02-08 10:02:43,806; send took 31 millis
2022-02-08 10:02:46,960 INFO [pool-23-thread-1] o.a.n.c.r.WriteAheadFlowFileRepository Initiating checkpoint of FlowFile Repository
2022-02-08 10:02:46,962 INFO [pool-23-thread-1] o.a.n.c.r.WriteAheadFlowFileRepository Successfully checkpointed FlowFile Repository with 3 records in 0 milliseconds
2022-02-08 10:02:48,721 INFO [Heartbeat Monitor Thread-1] o.a.n.c.c.h.AbstractHeartbeatMonitor Finished processing 1 heartbeats in 48375 nanos
2022-02-08 10:02:48,838 INFO [Process Cluster Protocol Request-7] o.a.n.c.p.impl.SocketProtocolListener Finished processing request d7a00df1-dbe3-4ade-8c91-b2701bcc90bf (type=HEARTBEAT, length=2239 bytes) from mynifi:8080 in 3 millis
2022-02-08 10:02:48,842 INFO [Clustering Tasks Thread-3] o.a.n.c.c.ClusterProtocolHeartbeater Heartbeat created at 2022-02-08 10:02:48,812 and sent to mynifi:8082 at 2022-02-08 10:02:48,842; send took 28 millis
2022-02-08 10:02:53,726 INFO [Heartbeat Monitor Thread-1] o.a.n.c.c.h.AbstractHeartbeatMonitor Finished processing 1 heartbeats in 116208 nanos
2022-02-08 10:02:53,867 INFO [Process Cluster Protocol Request-8] o.a.n.c.p.impl.SocketProtocolListener Finished processing request 5fd04e16-0a24-4df7-8784-4976025ce317 (type=HEARTBEAT, length=2239 bytes) from mynifi:8080 in 3 millis
2022-02-08 10:02:53,871 INFO [Clustering Tasks Thread-3] o.a.n.c.c.ClusterProtocolHeartbeater Heartbeat created at 2022-02-08 10:02:53,847 and sent to mynifi:8082 at 2022-02-08 10:02:53,871; send took 24 millis
2022-02-08 10:02:58,671 INFO [Heartbeat Monitor Thread-1] o.a.n.c.c.h.AbstractHeartbeatMonitor Finished processing 1 heartbeats in 24000 nanos
2022-02-08 10:02:58,822 INFO [Process Cluster Protocol Request-9] o.a.n.c.p.impl.SocketProtocolListener Finished processing request 67ebc9ed-9f70-411d-8b5a-0820da7616ac (type=HEARTBEAT, length=2239 bytes) from mynifi:8080 in 2 millis
2022-02-08 10:02:58,823 INFO [Clustering Tasks Thread-3] o.a.n.c.c.ClusterProtocolHeartbeater Heartbeat created at 2022-02-08 10:02:58,815 and sent to mynifi:8082 at 2022-02-08 10:02:58,823; send took 7 millis
2022-02-08 10:03:03,673 INFO [Heartbeat Monitor Thread-1] o.a.n.c.c.h.AbstractHeartbeatMonitor Finished processing 1 heartbeats in 143167 nanos
2022-02-08 10:03:03,854 INFO [Process Cluster Protocol Request-10] o.a.n.c.p.impl.SocketProtocolListener Finished processing request f3230b32-a151-40ec-8b60-4da94c195d2f (type=HEARTBEAT, length=2239 bytes) from mynifi:8080 in 4 millis
2022-02-08 10:03:03,856 INFO [Clustering Tasks Thread-3] o.a.n.c.c.ClusterProtocolHeartbeater Heartbeat created at 2022-02-08 10:03:03,826 and sent to mynifi:8082 at 2022-02-08 10:03:03,856; send took 30 millis
2022-02-08 10:03:06,905 INFO [pool-23-thread-1] o.a.n.c.r.WriteAheadFlowFileRepository Initiating checkpoint of FlowFile Repository
2022-02-08 10:03:06,910 INFO [pool-23-thread-1] o.a.n.c.r.WriteAheadFlowFileRepository Successfully checkpointed FlowFile Repository with 3 records in 0 milliseconds
2022-02-08 10:03:08,678 INFO [Heartbeat Monitor Thread-1] o.a.n.c.c.h.AbstractHeartbeatMonitor Finished processing 1 heartbeats in 224708 nanos
2022-02-08 10:03:08,886 INFO [Process Cluster Protocol Request-1] o.a.n.c.p.impl.SocketProtocolListener Finished processing request bf62a16b-8a8f-41b6-a449-710ca38aaa16 (type=HEARTBEAT, length=2239 bytes) from mynifi:8080 in 4 millis
2022-02-08 10:03:08,888 INFO [Clustering Tasks Thread-3] o.a.n.c.c.ClusterProtocolHeartbeater Heartbeat created at 2022-02-08 10:03:08,861 and sent to mynifi:8082 at 2022-02-08 10:03:08,888; send took 26 millis
2022-02-08 10:03:13,686 INFO [Heartbeat Monitor Thread-1] o.a.n.c.c.h.AbstractHeartbeatMonitor Finished processing 1 heartbeats in 105167 nanos
2022-02-08 10:03:13,922 INFO [Process Cluster Protocol Request-2] o.a.n.c.p.impl.SocketProtocolListener Finished processing request 246088de-bb69-47d7-bdbd-cdc0d2f3a827 (type=HEARTBEAT, length=2239 bytes) from mynifi:8080 in 5 millis
2022-02-08 10:03:13,924 INFO [Clustering Tasks Thread-3] o.a.n.c.c.ClusterProtocolHeartbeater Heartbeat created at 2022-02-08 10:03:13,895 and sent to mynifi:8082 at 2022-02-08 10:03:13,924; send took 28 millis
2022-02-08 10:03:18,691 INFO [Heartbeat Monitor Thread-1] o.a.n.c.c.h.AbstractHeartbeatMonitor Finished processing 1 heartbeats in 291250 nanos
2022-02-08 10:03:18,956 INFO [Process Cluster Protocol Request-3] o.a.n.c.p.impl.SocketProtocolListener Finished processing request 673dfdbc-2eb7-497e-ada3-e7845c95c437 (type=HEARTBEAT, length=2239 bytes) from mynifi:8080 in 5 millis
2022-02-08 10:03:18,958 INFO [Clustering Tasks Thread-3] o.a.n.c.c.ClusterProtocolHeartbeater Heartbeat created at 2022-02-08 10:03:18,929 and sent to mynifi:8082 at 2022-02-08 10:03:18,958; send took 28 millis
2022-02-08 10:03:23,698 INFO [Heartbeat Monitor Thread-1] o.a.n.c.c.h.AbstractHeartbeatMonitor Finished processing 1 heartbeats in 100166 nanos
2022-02-08 10:03:23,996 INFO [Process Cluster Protocol Request-4] o.a.n.c.p.impl.SocketProtocolListener Finished processing request 9dea6cc9-3a53-410c-a708-24c59f5101ec (type=HEARTBEAT, length=2239 bytes) from mynifi:8080 in 5 millis
2022-02-08 10:03:23,997 INFO [Clustering Tasks Thread-1] o.a.n.c.c.ClusterProtocolHeartbeater Heartbeat created at 2022-02-08 10:03:23,966 and sent to mynifi:8082 at 2022-02-08 10:03:23,997; send took 31 millis
2022-02-08 10:03:26,916 INFO [pool-23-thread-1] o.a.n.c.r.WriteAheadFlowFileRepository Initiating checkpoint of FlowFile Repository
2022-02-08 10:03:26,917 INFO [pool-23-thread-1] o.a.n.c.r.WriteAheadFlowFileRepository Successfully checkpointed FlowFile Repository with 3 records in 0 milliseconds
2022-02-08 10:03:28,704 INFO [Heartbeat Monitor Thread-1] o.a.n.c.c.h.AbstractHeartbeatMonitor Finished processing 1 heartbeats in 109333 nanos
2022-02-08 10:03:29,007 INFO [Process Cluster Protocol Request-5] o.a.n.c.p.impl.SocketProtocolListener Finished processing request c521db38-1c39-4e8f-8d60-160c2c0971ec (type=HEARTBEAT, length=2239 bytes) from mynifi:8080 in 1 millis
2022-02-08 10:03:29,008 INFO [Clustering Tasks Thread-2] o.a.n.c.c.ClusterProtocolHeartbeater Heartbeat created at 2022-02-08 10:03:29,002 and sent to mynifi:8082 at 2022-02-08 10:03:29,008; send took 5 millis
2022-02-08 10:03:33,709 INFO [Heartbeat Monitor Thread-1] o.a.n.c.c.h.AbstractHeartbeatMonitor Finished processing 1 heartbeats in 114791 nanos
2022-02-08 10:03:34,034 INFO [Process Cluster Protocol Request-6] o.a.n.c.p.impl.SocketProtocolListener Finished processing request a4cd0447-d2c8-45c3-82e3-db56324d349b (type=HEARTBEAT, length=2239 bytes) from mynifi:8080 in 4 millis
2022-02-08 10:03:34,036 INFO [Clustering Tasks Thread-2] o.a.n.c.c.ClusterProtocolHeartbeater Heartbeat created at 2022-02-08 10:03:34,011 and sent to mynifi:8082 at 2022-02-08 10:03:34,036; send took 24 millis
2022-02-08 10:03:35,876 INFO [Cleanup Archive for default] o.a.n.c.repository.FileSystemRepository Successfully deleted 0 files (0 bytes) from archive
2022-02-08 10:03:38,715 INFO [Heartbeat Monitor Thread-1] o.a.n.c.c.h.AbstractHeartbeatMonitor Finished processing 1 heartbeats in 147375 nanos
2022-02-08 10:03:39,065 INFO [Process Cluster Protocol Request-7] o.a.n.c.p.impl.SocketProtocolListener Finished processing request 93808059-6899-4b82-840e-5f88d0fd2ee4 (type=HEARTBEAT, length=2239 bytes) from mynifi:8080 in 4 millis
2022-02-08 10:03:39,067 INFO [Clustering Tasks Thread-2] o.a.n.c.c.ClusterProtocolHeartbeater Heartbeat created at 2022-02-08 10:03:39,041 and sent to mynifi:8082 at 2022-02-08 10:03:39,067; send took 25 millis
2022-02-08 10:03:43,722 INFO [Heartbeat Monitor Thread-1] o.a.n.c.c.h.AbstractHeartbeatMonitor Finished processing 1 heartbeats in 169875 nanos
2022-02-08 10:03:44,101 INFO [Process Cluster Protocol Request-8] o.a.n.c.p.impl.SocketProtocolListener Finished processing request b209b564-e6a6-40c7-952a-d5209ef00e42 (type=HEARTBEAT, length=2239 bytes) from mynifi:8080 in 5 millis
2022-02-08 10:03:44,103 INFO [Clustering Tasks Thread-2] o.a.n.c.c.ClusterProtocolHeartbeater Heartbeat created at 2022-02-08 10:03:44,073 and sent to mynifi:8082 at 2022-02-08 10:03:44,103; send took 29 millis
2022-02-08 10:03:46,919 INFO [pool-23-thread-1] o.a.n.c.r.WriteAheadFlowFileRepository Initiating checkpoint of FlowFile Repository
2022-02-08 10:03:46,924 INFO [pool-23-thread-1] o.a.n.c.r.WriteAheadFlowFileRepository Successfully checkpointed FlowFile Repository with 3 records in 0 milliseconds
2022-02-08 10:03:48,730 INFO [Heartbeat Monitor Thread-1] o.a.n.c.c.h.AbstractHeartbeatMonitor Finished processing 1 heartbeats in 199125 nanos
2022-02-08 10:03:49,128 INFO [Process Cluster Protocol Request-9] o.a.n.c.p.impl.SocketProtocolListener Finished processing request 95f2d463-34f6-4e21-8dfd-1a3ef9648b2d (type=HEARTBEAT, length=2239 bytes) from mynifi:8080 in 2 millis
2022-02-08 10:03:49,130 INFO [Clustering Tasks Thread-2] o.a.n.c.c.ClusterProtocolHeartbeater Heartbeat created at 2022-02-08 10:03:49,110 and sent to mynifi:8082 at 2022-02-08 10:03:49,130; send took 20 millis
2022-02-08 10:03:53,736 INFO [Heartbeat Monitor Thread-1] o.a.n.c.c.h.AbstractHeartbeatMonitor Finished processing 1 heartbeats in 141583 nanos
2022-02-08 10:03:54,151 INFO [Process Cluster Protocol Request-10] o.a.n.c.p.impl.SocketProtocolListener Finished processing request 9695dd81-6480-4f26-bd35-9d9cd754e457 (type=HEARTBEAT, length=2239 bytes) from mynifi:8080 in 2 millis
2022-02-08 10:03:54,152 INFO [Clustering Tasks Thread-2] o.a.n.c.c.ClusterProtocolHeartbeater Heartbeat created at 2022-02-08 10:03:54,134 and sent to mynifi:8082 at 2022-02-08 10:03:54,152; send took 17 millis
2022-02-08 10:03:58,740 INFO [Heartbeat Monitor Thread-1] o.a.n.c.c.h.AbstractHeartbeatMonitor Finished processing 1 heartbeats in 127958 nanos
2022-02-08 10:03:59,164 INFO [Process Cluster Protocol Request-1] o.a.n.c.p.impl.SocketProtocolListener Finished processing request fe1c6b58-083d-48f2-ab7e-4657f4fe6b09 (type=HEARTBEAT, length=2239 bytes) from mynifi:8080 in 1 millis
2022-02-08 10:03:59,165 INFO [Clustering Tasks Thread-2] o.a.n.c.c.ClusterProtocolHeartbeater Heartbeat created at 2022-02-08 10:03:59,154 and sent to mynifi:8082 at 2022-02-08 10:03:59,165; send took 10 millis
2022-02-08 10:04:03,747 INFO [Heartbeat Monitor Thread-1] o.a.n.c.c.h.AbstractHeartbeatMonitor Finished processing 1 heartbeats in 102291 nanos
2022-02-08 10:04:04,194 INFO [Process Cluster Protocol Request-2] o.a.n.c.p.impl.SocketProtocolListener Finished processing request 7c221766-16cd-41f2-ab46-18178338398e (type=HEARTBEAT, length=2239 bytes) from mynifi:8080 in 4 millis
2022-02-08 10:04:04,200 INFO [Clustering Tasks Thread-2] o.a.n.c.c.ClusterProtocolHeartbeater Heartbeat created at 2022-02-08 10:04:04,168 and sent to mynifi:8082 at 2022-02-08 10:04:04,200; send took 32 millis
2022-02-08 10:04:06,927 INFO [pool-23-thread-1] o.a.n.c.r.WriteAheadFlowFileRepository Initiating checkpoint of FlowFile Repository
2022-02-08 10:04:06,931 INFO [pool-23-thread-1] o.a.n.c.r.WriteAheadFlowFileRepository Successfully checkpointed FlowFile Repository with 3 records in 0 milliseconds
2022-02-08 10:04:08,753 INFO [Heartbeat Monitor Thread-1] o.a.n.c.c.h.AbstractHeartbeatMonitor Finished processing 1 heartbeats in 56417 nanos
2022-02-08 10:04:09,236 INFO [Process Cluster Protocol Request-3] o.a.n.c.p.impl.SocketProtocolListener Finished processing request daf18f41-97c0-46b8-8e2c-65f89507e9ea (type=HEARTBEAT, length=2239 bytes) from mynifi:8080 in 4 millis
2022-02-08 10:04:09,238 INFO [Clustering Tasks Thread-2] o.a.n.c.c.ClusterProtocolHeartbeater Heartbeat created at 2022-02-08 10:04:09,207 and sent to mynifi:8082 at 2022-02-08 10:04:09,238; send took 30 millis
2022-02-08 10:04:13,755 INFO [Heartbeat Monitor Thread-1] o.a.n.c.c.h.AbstractHeartbeatMonitor Finished processing 1 heartbeats in 114625 nanos
2022-02-08 10:04:14,270 INFO [Process Cluster Protocol Request-4] o.a.n.c.p.impl.SocketProtocolListener Finished processing request e6547d72-f2eb-4562-9602-4d9a8be4b755 (type=HEARTBEAT, length=2239 bytes) from mynifi:8080 in 4 millis
2022-02-08 10:04:14,272 INFO [Clustering Tasks Thread-2] o.a.n.c.c.ClusterProtocolHeartbeater Heartbeat created at 2022-02-08 10:04:14,245 and sent to mynifi:8082 at 2022-02-08 10:04:14,272; send took 27 millis
2022-02-08 10:04:18,761 INFO [Heartbeat Monitor Thread-1] o.a.n.c.c.h.AbstractHeartbeatMonitor Finished processing 1 heartbeats in 126791 nanos
2022-02-08 10:04:19,315 INFO [Process Cluster Protocol Request-5] o.a.n.c.p.impl.SocketProtocolListener Finished processing request 120c0499-9045-4d4d-b28a-da93a96bd56e (type=HEARTBEAT, length=2239 bytes) from mynifi:8080 in 3 millis
2022-02-08 10:04:19,316 INFO [Clustering Tasks Thread-2] o.a.n.c.c.ClusterProtocolHeartbeater Heartbeat created at 2022-02-08 10:04:19,277 and sent to mynifi:8082 at 2022-02-08 10:04:19,316; send took 39 millis
2022-02-08 10:04:23,765 INFO [Heartbeat Monitor Thread-1] o.a.n.c.c.h.AbstractHeartbeatMonitor Finished processing 1 heartbeats in 68209 nanos
2022-02-08 10:04:24,342 INFO [Process Cluster Protocol Request-6] o.a.n.c.p.impl.SocketProtocolListener Finished processing request f8d20316-b471-4102-876b-91e03dcb5244 (type=HEARTBEAT, length=2239 bytes) from mynifi:8080 in 5 millis
2022-02-08 10:04:24,344 INFO [Clustering Tasks Thread-2] o.a.n.c.c.ClusterProtocolHeartbeater Heartbeat created at 2022-02-08 10:04:24,322 and sent to mynifi:8082 at 2022-02-08 10:04:24,344; send took 22 millis
2022-02-08 10:04:26,935 INFO [pool-23-thread-1] o.a.n.c.r.WriteAheadFlowFileRepository Initiating checkpoint of FlowFile Repository
2022-02-08 10:04:26,936 INFO [pool-23-thread-1] o.a.n.c.r.WriteAheadFlowFileRepository Successfully checkpointed FlowFile Repository with 3 records in 0 milliseconds
2022-02-08 10:04:28,770 INFO [Heartbeat Monitor Thread-1] o.a.n.c.c.h.AbstractHeartbeatMonitor Finished processing 1 heartbeats in 297375 nanos
2022-02-08 10:04:29,369 INFO [Process Cluster Protocol Request-7] o.a.n.c.p.impl.SocketProtocolListener Finished processing request ff974af8-6bb2-475b-9d50-7088e2a940f8 (type=HEARTBEAT, length=2239 bytes) from mynifi:8080 in 4 millis
2022-02-08 10:04:29,372 INFO [Clustering Tasks Thread-2] o.a.n.c.c.ClusterProtocolHeartbeater Heartbeat created at 2022-02-08 10:04:29,349 and sent to mynifi:8082 at 2022-02-08 10:04:29,371; send took 22 millis
2022-02-08 10:04:33,316 INFO [Write-Ahead Local State Provider Maintenance] org.wali.MinimalLockingWriteAheadLog org.wali.MinimalLockingWriteAheadLog@2df491be checkpointed with 5 Records and 0 Swap Files in 16 milliseconds (Stop-the-world time = 6 milliseconds, Clear Edit Logs time = 3 millis), max Transaction ID 39
2022-02-08 10:04:33,776 INFO [Heartbeat Monitor Thread-1] o.a.n.c.c.h.AbstractHeartbeatMonitor Finished processing 1 heartbeats in 100125 nanos
2022-02-08 10:04:34,394 INFO [Process Cluster Protocol Request-8] o.a.n.c.p.impl.SocketProtocolListener Finished processing request 6f06b68a-18e8-45a1-8370-3d6e594e165a (type=HEARTBEAT, length=2239 bytes) from mynifi:8080 in 3 millis
2022-02-08 10:04:34,396 INFO [Clustering Tasks Thread-2] o.a.n.c.c.ClusterProtocolHeartbeater Heartbeat created at 2022-02-08 10:04:34,379 and sent to mynifi:8082 at 2022-02-08 10:04:34,396; send took 16 millis
2022-02-08 10:04:35,894 INFO [Cleanup Archive for default] o.a.n.c.repository.FileSystemRepository Successfully deleted 0 files (0 bytes) from archive
2022-02-08 10:04:38,784 INFO [Heartbeat Monitor Thread-1] o.a.n.c.c.h.AbstractHeartbeatMonitor Finished processing 1 heartbeats in 113500 nanos
2022-02-08 10:04:39,410 INFO [Process Cluster Protocol Request-9] o.a.n.c.p.impl.SocketProtocolListener Finished processing request 2e8c247d-bf05-4f1c-b436-d21afe8cdc25 (type=HEARTBEAT, length=2239 bytes) from mynifi:8080 in 2 millis
2022-02-08 10:04:39,412 INFO [Clustering Tasks Thread-2] o.a.n.c.c.ClusterProtocolHeartbeater Heartbeat created at 2022-02-08 10:04:39,402 and sent to mynifi:8082 at 2022-02-08 10:04:39,412; send took 9 millis
2022-02-08 10:04:43,789 INFO [Heartbeat Monitor Thread-1] o.a.n.c.c.h.AbstractHeartbeatMonitor Finished processing 1 heartbeats in 55541 nanos
2022-02-08 10:04:44,262 INFO [main-EventThread] o.a.c.f.state.ConnectionStateManager State change: SUSPENDED
2022-02-08 10:04:44,267 INFO [Curator-ConnectionStateManager-0] o.a.n.c.l.e.CuratorLeaderElectionManager org.apache.nifi.controller.leader.election.CuratorLeaderElectionManager$ElectionListener@4391e6a4 Connection State changed to SUSPENDED
2022-02-08 10:04:44,270 INFO [Curator-ConnectionStateManager-0] o.a.n.c.l.e.CuratorLeaderElectionManager Because Connection State was changed to SUSPENDED, will relinquish leadership for role 'Primary Node'
2022-02-08 10:04:44,271 INFO [Curator-ConnectionStateManager-0] o.a.n.c.l.e.CuratorLeaderElectionManager org.apache.nifi.controller.leader.election.CuratorLeaderElectionManager$ElectionListener@2b0b102c Connection State changed to SUSPENDED
2022-02-08 10:04:44,272 INFO [Leader Election Notification Thread-3] o.a.n.c.l.e.CuratorLeaderElectionManager org.apache.nifi.controller.leader.election.CuratorLeaderElectionManager$ElectionListener@4391e6a4 has been interrupted; no longer leader for role 'Primary Node'
2022-02-08 10:04:44,273 INFO [Leader Election Notification Thread-3] o.a.n.c.l.e.CuratorLeaderElectionManager org.apache.nifi.controller.leader.election.CuratorLeaderElectionManager$ElectionListener@4391e6a4 This node is no longer leader for role 'Primary Node'
2022-02-08 10:04:44,272 INFO [Curator-ConnectionStateManager-0] o.a.n.c.l.e.CuratorLeaderElectionManager Because Connection State was changed to SUSPENDED, will relinquish leadership for role 'Cluster Coordinator'
2022-02-08 10:04:44,275 INFO [Leader Election Notification Thread-1] o.a.n.c.l.e.CuratorLeaderElectionManager org.apache.nifi.controller.leader.election.CuratorLeaderElectionManager$ElectionListener@2b0b102c has been interrupted; no longer leader for role 'Cluster Coordinator'
2022-02-08 10:04:44,276 INFO [Leader Election Notification Thread-1] o.a.n.c.l.e.CuratorLeaderElectionManager org.apache.nifi.controller.leader.election.CuratorLeaderElectionManager$ElectionListener@2b0b102c This node is no longer leader for role 'Cluster Coordinator'
2022-02-08 10:04:44,277 INFO [Leader Election Notification Thread-1] o.apache.nifi.controller.FlowController This node is no longer the elected Active Cluster Coordinator
2022-02-08 10:04:44,275 INFO [Leader Election Notification Thread-3] o.apache.nifi.controller.FlowController This node is no longer Primary Node
2022-02-08 10:04:44,761 INFO [pool-2-thread-2] org.apache.nifi.BootstrapListener Received SHUTDOWN request from Bootstrap
2022-02-08 10:04:44,774 INFO [pool-2-thread-2] org.apache.nifi.NiFi Initiating shutdown of Jetty web server...
2022-02-08 10:04:44,801 INFO [pool-2-thread-2] o.eclipse.jetty.server.AbstractConnector Stopped ServerConnector@217235f5{HTTP/1.1, (http/1.1)}{mynifi:8080}
2022-02-08 10:04:44,803 INFO [pool-2-thread-2] org.eclipse.jetty.server.session node0 Stopped scavenging
