2022-02-08 09:42:56,579 INFO [main] o.a.n.b.NotificationServiceManager Successfully loaded the following 0 services: []
2022-02-08 09:42:56,626 INFO [main] org.apache.nifi.bootstrap.RunNiFi Registered no Notification Services for Notification Type NIFI_STARTED
2022-02-08 09:42:56,628 INFO [main] org.apache.nifi.bootstrap.RunNiFi Registered no Notification Services for Notification Type NIFI_STOPPED
2022-02-08 09:42:56,630 INFO [main] org.apache.nifi.bootstrap.RunNiFi Registered no Notification Services for Notification Type NIFI_DIED
2022-02-08 09:42:56,635 INFO [main] org.apache.nifi.bootstrap.RunNiFi Runtime Java version: 1.8.0_292
2022-02-08 09:42:56,649 INFO [main] org.apache.nifi.bootstrap.Command Starting Apache NiFi...
2022-02-08 09:42:56,650 INFO [main] org.apache.nifi.bootstrap.Command Working Directory: /opt/nifi/nifi-current
2022-02-08 09:42:56,651 INFO [main] org.apache.nifi.bootstrap.Command Command: /usr/local/openjdk-8/bin/java -classpath /opt/nifi/nifi-current/./conf:/opt/nifi/nifi-current/./lib/slf4j-api-1.7.30.jar:/opt/nifi/nifi-current/./lib/nifi-runtime-1.13.2.jar:/opt/nifi/nifi-current/./lib/nifi-properties-1.13.2.jar:/opt/nifi/nifi-current/./lib/jetty-schemas-3.1.jar:/opt/nifi/nifi-current/./lib/log4j-over-slf4j-1.7.30.jar:/opt/nifi/nifi-current/./lib/nifi-stateless-bootstrap-1.13.2.jar:/opt/nifi/nifi-current/./lib/logback-classic-1.2.3.jar:/opt/nifi/nifi-current/./lib/nifi-framework-api-1.13.2.jar:/opt/nifi/nifi-current/./lib/jcl-over-slf4j-1.7.30.jar:/opt/nifi/nifi-current/./lib/logback-core-1.2.3.jar:/opt/nifi/nifi-current/./lib/nifi-api-1.13.2.jar:/opt/nifi/nifi-current/./lib/javax.servlet-api-3.1.0.jar:/opt/nifi/nifi-current/./lib/nifi-stateless-api-1.13.2.jar:/opt/nifi/nifi-current/./lib/nifi-nar-utils-1.13.2.jar:/opt/nifi/nifi-current/./lib/jul-to-slf4j-1.7.30.jar:/opt/nifi/nifi-current/./lib/nifi-server-api-1.13.2.jar -Dorg.apache.jasper.compiler.disablejsr199=true -Xmx512m -Xms512m -Dcurator-log-only-first-connection-issue-as-error-level=true -Djavax.security.auth.useSubjectCredsOnly=true -Djava.security.egd=file:/dev/urandom -Dzookeeper.admin.enableServer=false -Dsun.net.http.allowRestrictedHeaders=true -Djava.net.preferIPv4Stack=true -Djava.awt.headless=true -Djava.protocol.handler.pkgs=sun.net.www.protocol -Dnifi.properties.file.path=/opt/nifi/nifi-current/./conf/nifi.properties -Dnifi.bootstrap.listen.port=35981 -Dapp=NiFi -Dorg.apache.nifi.bootstrap.config.log.dir=/opt/nifi/nifi-current/logs org.apache.nifi.NiFi 
2022-02-08 09:42:56,677 INFO [main] org.apache.nifi.bootstrap.Command Launched Apache NiFi with Process ID 65
2022-02-08 09:42:57,446 INFO [NiFi Bootstrap Command Listener] org.apache.nifi.bootstrap.RunNiFi Apache NiFi now running and listening for Bootstrap requests on port 39979
2022-02-08 09:43:11,157 INFO [main] o.a.n.b.NotificationServiceManager Successfully loaded the following 0 services: []
2022-02-08 09:43:11,162 INFO [main] org.apache.nifi.bootstrap.RunNiFi Registered no Notification Services for Notification Type NIFI_STARTED
2022-02-08 09:43:11,163 INFO [main] org.apache.nifi.bootstrap.RunNiFi Registered no Notification Services for Notification Type NIFI_STOPPED
2022-02-08 09:43:11,164 INFO [main] org.apache.nifi.bootstrap.RunNiFi Registered no Notification Services for Notification Type NIFI_DIED
2022-02-08 09:43:11,182 INFO [main] org.apache.nifi.bootstrap.Command Apache NiFi has accepted the Shutdown Command and is shutting down now
2022-02-08 09:43:11,197 INFO [main] org.apache.nifi.bootstrap.Command Waiting for Apache NiFi to finish shutting down...
2022-02-08 09:43:12,685 INFO [main] org.apache.nifi.bootstrap.RunNiFi A shutdown was initiated. Will not restart NiFi
2022-02-08 09:43:13,202 INFO [main] org.apache.nifi.bootstrap.Command NiFi has finished shutting down.
2022-02-08 09:44:19,200 INFO [main] o.a.n.b.NotificationServiceManager Successfully loaded the following 0 services: []
2022-02-08 09:44:19,207 INFO [main] org.apache.nifi.bootstrap.RunNiFi Registered no Notification Services for Notification Type NIFI_STARTED
2022-02-08 09:44:19,209 INFO [main] org.apache.nifi.bootstrap.RunNiFi Registered no Notification Services for Notification Type NIFI_STOPPED
2022-02-08 09:44:19,212 INFO [main] org.apache.nifi.bootstrap.RunNiFi Registered no Notification Services for Notification Type NIFI_DIED
2022-02-08 09:44:19,221 INFO [main] org.apache.nifi.bootstrap.RunNiFi Runtime Java version: 1.8.0_292
2022-02-08 09:44:19,230 INFO [main] org.apache.nifi.bootstrap.Command Starting Apache NiFi...
2022-02-08 09:44:19,238 INFO [main] org.apache.nifi.bootstrap.Command Working Directory: /opt/nifi/nifi-current
2022-02-08 09:44:19,240 INFO [main] org.apache.nifi.bootstrap.Command Command: /usr/local/openjdk-8/bin/java -classpath /opt/nifi/nifi-current/./conf:/opt/nifi/nifi-current/./lib/slf4j-api-1.7.30.jar:/opt/nifi/nifi-current/./lib/nifi-runtime-1.13.2.jar:/opt/nifi/nifi-current/./lib/nifi-properties-1.13.2.jar:/opt/nifi/nifi-current/./lib/jetty-schemas-3.1.jar:/opt/nifi/nifi-current/./lib/log4j-over-slf4j-1.7.30.jar:/opt/nifi/nifi-current/./lib/nifi-stateless-bootstrap-1.13.2.jar:/opt/nifi/nifi-current/./lib/logback-classic-1.2.3.jar:/opt/nifi/nifi-current/./lib/nifi-framework-api-1.13.2.jar:/opt/nifi/nifi-current/./lib/jcl-over-slf4j-1.7.30.jar:/opt/nifi/nifi-current/./lib/logback-core-1.2.3.jar:/opt/nifi/nifi-current/./lib/nifi-api-1.13.2.jar:/opt/nifi/nifi-current/./lib/javax.servlet-api-3.1.0.jar:/opt/nifi/nifi-current/./lib/nifi-stateless-api-1.13.2.jar:/opt/nifi/nifi-current/./lib/nifi-nar-utils-1.13.2.jar:/opt/nifi/nifi-current/./lib/jul-to-slf4j-1.7.30.jar:/opt/nifi/nifi-current/./lib/nifi-server-api-1.13.2.jar -Dorg.apache.jasper.compiler.disablejsr199=true -Xmx512m -Xms512m -Dcurator-log-only-first-connection-issue-as-error-level=true -Djavax.security.auth.useSubjectCredsOnly=true -Djava.security.egd=file:/dev/urandom -Dzookeeper.admin.enableServer=false -Dsun.net.http.allowRestrictedHeaders=true -Djava.net.preferIPv4Stack=true -Djava.awt.headless=true -Djava.protocol.handler.pkgs=sun.net.www.protocol -Dnifi.properties.file.path=/opt/nifi/nifi-current/./conf/nifi.properties -Dnifi.bootstrap.listen.port=39231 -Dapp=NiFi -Dorg.apache.nifi.bootstrap.config.log.dir=/opt/nifi/nifi-current/logs org.apache.nifi.NiFi 
2022-02-08 09:44:19,260 INFO [main] org.apache.nifi.bootstrap.Command Launched Apache NiFi with Process ID 62
2022-02-08 09:44:21,201 INFO [NiFi Bootstrap Command Listener] org.apache.nifi.bootstrap.RunNiFi Apache NiFi now running and listening for Bootstrap requests on port 41347
2022-02-08 10:04:44,707 INFO [main] o.a.n.b.NotificationServiceManager Successfully loaded the following 0 services: []
2022-02-08 10:04:44,715 INFO [main] org.apache.nifi.bootstrap.RunNiFi Registered no Notification Services for Notification Type NIFI_STARTED
2022-02-08 10:04:44,717 INFO [main] org.apache.nifi.bootstrap.RunNiFi Registered no Notification Services for Notification Type NIFI_STOPPED
2022-02-08 10:04:44,718 INFO [main] org.apache.nifi.bootstrap.RunNiFi Registered no Notification Services for Notification Type NIFI_DIED
2022-02-08 10:04:44,773 INFO [main] org.apache.nifi.bootstrap.Command Apache NiFi has accepted the Shutdown Command and is shutting down now
2022-02-08 10:04:44,839 INFO [main] org.apache.nifi.bootstrap.Command Waiting for Apache NiFi to finish shutting down...
2022-02-08 10:04:46,867 INFO [main] org.apache.nifi.bootstrap.Command Waiting for Apache NiFi to finish shutting down...
2022-02-08 10:04:48,872 INFO [main] org.apache.nifi.bootstrap.Command NiFi has finished shutting down.
2022-02-08 10:04:49,084 INFO [main] org.apache.nifi.bootstrap.RunNiFi Status File no longer exists. Will not restart NiFi
